<?xml version="1.0" encoding="UTF-8" ?>
<testsuites errors="1"
            failures="1"
            tests="1">

  <testsuite name="main"
    errors="1" failures="1" hostname="" id="" package="main" skipped="0"
    tests="1" time="74.54" timestamp="">
  
    <testcase name="Test main page" classname="main" time="74.54" assertions="55">

    

    

    

    

    

    

    

    

    

    

    

    

    

    

    

    

    

    

    

    

    

    

    

    

    

    

    

    

    

    

    

    

    

    

    

    

    

    

    

    

    

    

    

    

    

    

    

    

    

    

    

    

    

      <failure message="Testing if element &lt;Element [name=@invalidEmaillAlert]&gt; is visible in 5000ms - expected &#34;is visible&#34; but got: &#34;element could not be located&#34; (5448ms)">    at Object.Test main page (/home/gil/Desktop/spriteCloud-main/e2e/tests/main.js:108:15)</failure>
<system-out>[[ATTACHMENT|/home/gil/Desktop/spriteCloud-main/e2e/build/screenshots/main/Test-main-page_FAILED_Aug-05-2021-140849-GMT+0200.png]]</system-out>
    
    <error message="Error while running &#34;visible&#34; command: Testing if element [0;33m&lt;Element [name=@invalidEmaillAlert]&gt;[0m is visible in 5000ms - expected [0;32m&#34;is visible&#34;[0m but got: [0;31m&#34;element could not be located&#34;[0m [0;90m(5448ms)[0m" type="error"><![CDATA[
        at Object.Test main page (/home/gil/Desktop/spriteCloud-main/e2e/tests/main.js:108:15)
    ]]></error>
    
    </testcase>
  

  
    <system-err>
        NoSuchElementError: An error occurred while running .isVisible() command on &lt;Element [name=@invalidEmaillAlert]&gt;: 
   {&#34;sessionId&#34;:&#34;9df7df90fee8db6cc93b1df10350801a&#34;,&#34;status&#34;:0,&#34;value&#34;:[]}
   
    </system-err>
  

    

  
  </testsuite>
</testsuites>
